$ gradle init
Starting a Gradle Daemon (subsequent builds will be faster)

Select type of project to generate:
  1: basic
  2: application
  3: library
  4: Gradle plugin
Enter selection (default: basic) [1..4] 2

Select implementation language:
  1: C++
  2: Groovy
  3: Java
  4: Kotlin
  5: Scala
  6: Swift
Enter selection (default: Java) [1..6]

Generate multiple subprojects for application? (default: no) [yes, no] yes

Select build script DSL:
  1: Groovy
  2: Kotlin
Enter selection (default: Groovy) [1..2]

Project name (default: cyclonedx-gradle-plugin-issue):

Source package (default: cyclonedx.bom.bug): com.example

Enter target version of Java (min. 7) (default: 17):

Generate build using new APIs and behavior (some features may change in the next minor release)? (default: no) [yes, no]


> Task :init
Get more help with your project: https://docs.gradle.org/8.1/samples/sample_building_java_applications_multi_project.html

BUILD SUCCESSFUL in 37s
2 actionable tasks: 2 executed